{"level":"info","message":"Server is running on port 8000","timestamp":"2024-10-14T18:29:00.372Z"}
{"code":"XX000","length":73,"level":"error","message":"Error connecting to database: connection is insecure (try using `sslmode=require`)","name":"error","severity":"ERROR","stack":"error: connection is insecure (try using `sslmode=require`)\n    at Parser.parseErrorMessage (/home/runner/telegram-summary-bot/node_modules/pg-protocol/src/parser.ts:368:69)\n    at Parser.handlePacket (/home/runner/telegram-summary-bot/node_modules/pg-protocol/src/parser.ts:187:21)\n    at Parser.parse (/home/runner/telegram-summary-bot/node_modules/pg-protocol/src/parser.ts:102:30)\n    at Socket.<anonymous> (/home/runner/telegram-summary-bot/node_modules/pg-protocol/src/index.ts:7:48)\n    at Socket.emit (node:events:519:28)\n    at addChunk (node:internal/streams/readable:559:12)\n    at readableAddChunkPushByteMode (node:internal/streams/readable:510:3)\n    at Socket.Readable.push (node:internal/streams/readable:390:5)\n    at TCP.onStreamRead (node:internal/stream_base_commons:191:23)","timestamp":"2024-10-14T18:29:00.839Z"}
{"level":"info","message":"Server is running on port 8000","timestamp":"2024-10-14T18:31:24.163Z"}
{"code":"XX000","length":73,"level":"error","message":"Error connecting to database: connection is insecure (try using `sslmode=require`)","name":"error","severity":"ERROR","stack":"error: connection is insecure (try using `sslmode=require`)\n    at Parser.parseErrorMessage (/home/runner/telegram-summary-bot/node_modules/pg-protocol/src/parser.ts:368:69)\n    at Parser.handlePacket (/home/runner/telegram-summary-bot/node_modules/pg-protocol/src/parser.ts:187:21)\n    at Parser.parse (/home/runner/telegram-summary-bot/node_modules/pg-protocol/src/parser.ts:102:30)\n    at Socket.<anonymous> (/home/runner/telegram-summary-bot/node_modules/pg-protocol/src/index.ts:7:48)\n    at Socket.emit (node:events:519:28)\n    at addChunk (node:internal/streams/readable:559:12)\n    at readableAddChunkPushByteMode (node:internal/streams/readable:510:3)\n    at Socket.Readable.push (node:internal/streams/readable:390:5)\n    at TCP.onStreamRead (node:internal/stream_base_commons:191:23)","timestamp":"2024-10-14T18:31:24.644Z"}
{"level":"info","message":"Server is running on port 8000","timestamp":"2024-10-14T18:31:28.522Z"}
{"code":"XX000","length":73,"level":"error","message":"Error connecting to database: connection is insecure (try using `sslmode=require`)","name":"error","severity":"ERROR","stack":"error: connection is insecure (try using `sslmode=require`)\n    at Parser.parseErrorMessage (/home/runner/telegram-summary-bot/node_modules/pg-protocol/src/parser.ts:368:69)\n    at Parser.handlePacket (/home/runner/telegram-summary-bot/node_modules/pg-protocol/src/parser.ts:187:21)\n    at Parser.parse (/home/runner/telegram-summary-bot/node_modules/pg-protocol/src/parser.ts:102:30)\n    at Socket.<anonymous> (/home/runner/telegram-summary-bot/node_modules/pg-protocol/src/index.ts:7:48)\n    at Socket.emit (node:events:519:28)\n    at addChunk (node:internal/streams/readable:559:12)\n    at readableAddChunkPushByteMode (node:internal/streams/readable:510:3)\n    at Socket.Readable.push (node:internal/streams/readable:390:5)\n    at TCP.onStreamRead (node:internal/stream_base_commons:191:23)","timestamp":"2024-10-14T18:31:29.009Z"}
{"level":"info","message":"Server is running on port 8000","timestamp":"2024-10-14T18:31:33.211Z"}
{"code":"XX000","length":73,"level":"error","message":"Error connecting to database: connection is insecure (try using `sslmode=require`)","name":"error","severity":"ERROR","stack":"error: connection is insecure (try using `sslmode=require`)\n    at Parser.parseErrorMessage (/home/runner/telegram-summary-bot/node_modules/pg-protocol/src/parser.ts:368:69)\n    at Parser.handlePacket (/home/runner/telegram-summary-bot/node_modules/pg-protocol/src/parser.ts:187:21)\n    at Parser.parse (/home/runner/telegram-summary-bot/node_modules/pg-protocol/src/parser.ts:102:30)\n    at Socket.<anonymous> (/home/runner/telegram-summary-bot/node_modules/pg-protocol/src/index.ts:7:48)\n    at Socket.emit (node:events:519:28)\n    at addChunk (node:internal/streams/readable:559:12)\n    at readableAddChunkPushByteMode (node:internal/streams/readable:510:3)\n    at Socket.Readable.push (node:internal/streams/readable:390:5)\n    at TCP.onStreamRead (node:internal/stream_base_commons:191:23)","timestamp":"2024-10-14T18:31:33.701Z"}
{"level":"info","message":"Server is running on port 8000","timestamp":"2024-10-14T18:31:35.357Z"}
{"code":"XX000","length":73,"level":"error","message":"Error connecting to database: connection is insecure (try using `sslmode=require`)","name":"error","severity":"ERROR","stack":"error: connection is insecure (try using `sslmode=require`)\n    at Parser.parseErrorMessage (/home/runner/telegram-summary-bot/node_modules/pg-protocol/src/parser.ts:368:69)\n    at Parser.handlePacket (/home/runner/telegram-summary-bot/node_modules/pg-protocol/src/parser.ts:187:21)\n    at Parser.parse (/home/runner/telegram-summary-bot/node_modules/pg-protocol/src/parser.ts:102:30)\n    at Socket.<anonymous> (/home/runner/telegram-summary-bot/node_modules/pg-protocol/src/index.ts:7:48)\n    at Socket.emit (node:events:519:28)\n    at addChunk (node:internal/streams/readable:559:12)\n    at readableAddChunkPushByteMode (node:internal/streams/readable:510:3)\n    at Socket.Readable.push (node:internal/streams/readable:390:5)\n    at TCP.onStreamRead (node:internal/stream_base_commons:191:23)","timestamp":"2024-10-14T18:31:35.851Z"}
{"level":"info","message":"Server is running on port 8000","timestamp":"2024-10-14T18:31:56.496Z"}
{"level":"info","message":"Server is running on port 8000","timestamp":"2024-10-14T18:31:59.292Z"}
{"level":"info","message":"Connected to database","timestamp":"2024-10-14T18:32:03.898Z"}
{"level":"info","message":"Application started successfully","timestamp":"2024-10-14T18:32:03.902Z"}
{"level":"info","message":"Server is running on port 8000","timestamp":"2024-10-14T19:00:39.561Z"}
{"level":"info","message":"Connected to database","timestamp":"2024-10-14T19:00:44.716Z"}
{"level":"info","message":"Application started successfully","timestamp":"2024-10-14T19:00:44.720Z"}
{"level":"info","message":"Server is running on port 8000","timestamp":"2024-10-14T19:03:18.637Z"}
{"level":"info","message":"Connected to database","timestamp":"2024-10-14T19:03:23.202Z"}
{"level":"info","message":"Application started successfully","timestamp":"2024-10-14T19:03:23.206Z"}
{"level":"info","message":"Server is running on port 8000","timestamp":"2024-10-14T19:05:01.600Z"}
{"level":"info","message":"Connected to database","timestamp":"2024-10-14T19:05:06.383Z"}
{"level":"info","message":"Application started successfully","timestamp":"2024-10-14T19:05:06.386Z"}
{"level":"info","message":"Connected to database","timestamp":"2024-10-14T19:05:44.734Z"}
{"level":"info","message":"Connected to database","timestamp":"2024-10-14T19:05:55.866Z"}
{"level":"info","message":"Application started successfully","timestamp":"2024-10-14T19:05:55.871Z"}
{"level":"info","message":"Telegram bot initialized","timestamp":"2024-10-14T19:05:55.876Z"}
{"level":"info","message":"Telegram bot initialized","timestamp":"2024-10-14T19:05:55.876Z"}
{"level":"info","message":"Server is running on port 8000","timestamp":"2024-10-14T19:05:55.878Z"}
{"level":"info","message":"Connected to database","timestamp":"2024-10-14T19:06:28.376Z"}
{"level":"info","message":"Application started successfully","timestamp":"2024-10-14T19:06:28.381Z"}
{"level":"info","message":"Telegram bot initialized","timestamp":"2024-10-14T19:06:28.386Z"}
{"level":"info","message":"Telegram bot initialized","timestamp":"2024-10-14T19:06:28.386Z"}
{"level":"info","message":"Server is running on port 8000","timestamp":"2024-10-14T19:06:28.387Z"}
{"level":"info","message":"Connected to database","timestamp":"2024-10-14T19:07:40.326Z"}
{"level":"info","message":"Application started successfully","timestamp":"2024-10-14T19:07:40.330Z"}
{"level":"info","message":"Telegram bot initialized","timestamp":"2024-10-14T19:07:40.335Z"}
{"level":"info","message":"Telegram bot initialized","timestamp":"2024-10-14T19:07:40.335Z"}
{"level":"info","message":"Server is running on port 8000","timestamp":"2024-10-14T19:07:40.337Z"}
{"level":"info","message":"Connected to database","timestamp":"2024-10-14T19:08:34.491Z"}
{"level":"info","message":"Application started successfully","timestamp":"2024-10-14T19:08:34.497Z"}
{"level":"info","message":"Telegram bot initialized","timestamp":"2024-10-14T19:08:34.502Z"}
{"level":"info","message":"Telegram bot initialized","timestamp":"2024-10-14T19:08:34.502Z"}
{"level":"info","message":"Server is running on port 8000","timestamp":"2024-10-14T19:08:34.503Z"}
{"level":"info","message":"Connected to database","timestamp":"2024-10-14T19:08:40.400Z"}
{"level":"info","message":"Application started successfully","timestamp":"2024-10-14T19:08:40.405Z"}
{"level":"info","message":"Telegram bot initialized","timestamp":"2024-10-14T19:08:40.410Z"}
{"level":"info","message":"Telegram bot initialized","timestamp":"2024-10-14T19:08:40.410Z"}
{"level":"info","message":"Server is running on port 8000","timestamp":"2024-10-14T19:08:40.411Z"}
{"level":"info","message":"Connected to database","timestamp":"2024-10-14T19:09:23.838Z"}
{"level":"info","message":"Application started successfully","timestamp":"2024-10-14T19:09:23.842Z"}
{"level":"info","message":"Telegram bot initialized","timestamp":"2024-10-14T19:09:23.847Z"}
{"level":"info","message":"Telegram bot initialized","timestamp":"2024-10-14T19:09:23.848Z"}
{"level":"info","message":"Server is running on port 8000","timestamp":"2024-10-14T19:09:23.849Z"}
{"level":"info","message":"Connected to database","timestamp":"2024-10-14T19:09:57.437Z"}
{"level":"info","message":"Application started successfully","timestamp":"2024-10-14T19:09:57.442Z"}
{"level":"info","message":"Telegram bot initialized","timestamp":"2024-10-14T19:09:57.448Z"}
{"level":"info","message":"Telegram bot initialized","timestamp":"2024-10-14T19:09:57.448Z"}
{"level":"info","message":"Server is running on port 8000","timestamp":"2024-10-14T19:09:57.450Z"}
{"level":"info","message":"Connected to database","timestamp":"2024-10-14T19:10:21.330Z"}
{"level":"info","message":"Application started successfully","timestamp":"2024-10-14T19:10:21.335Z"}
{"level":"info","message":"Telegram bot initialized","timestamp":"2024-10-14T19:10:21.340Z"}
{"level":"info","message":"Telegram bot initialized with inline keyboard functionality","timestamp":"2024-10-14T19:10:21.340Z"}
{"level":"info","message":"Server is running on port 8000","timestamp":"2024-10-14T19:10:21.342Z"}
{"level":"info","message":"Running scheduled summary generation","timestamp":"2024-10-14T20:00:00.074Z"}
{"level":"info","message":"Connected to database","timestamp":"2024-10-15T03:58:36.899Z"}
{"level":"info","message":"Application started successfully","timestamp":"2024-10-15T03:58:36.905Z"}
{"level":"info","message":"Telegram bot initialized","timestamp":"2024-10-15T03:58:36.910Z"}
{"level":"info","message":"Telegram bot initialized with inline keyboard functionality","timestamp":"2024-10-15T03:58:36.910Z"}
{"level":"info","message":"Server is running on port 8000","timestamp":"2024-10-15T03:58:36.912Z"}
{"level":"info","message":"Connected to database","timestamp":"2024-10-15T08:27:07.395Z"}
{"level":"info","message":"Application started successfully","timestamp":"2024-10-15T08:27:07.400Z"}
{"level":"info","message":"Telegram bot initialized","timestamp":"2024-10-15T08:27:07.406Z"}
{"level":"info","message":"Telegram bot initialized with inline keyboard functionality","timestamp":"2024-10-15T08:27:07.406Z"}
{"level":"info","message":"Server is running on port 8000","timestamp":"2024-10-15T08:27:07.408Z"}
{"level":"info","message":"Connected to database","timestamp":"2024-10-15T08:27:48.908Z"}
{"level":"info","message":"Application started successfully","timestamp":"2024-10-15T08:27:48.913Z"}
{"level":"error","message":"Error initializing MTProto client: TELEGRAM_API_ID and TELEGRAM_API_HASH must be set in the environment","stack":"Error: TELEGRAM_API_ID and TELEGRAM_API_HASH must be set in the environment\n    at MTProtoService.init (/home/runner/telegram-summary-bot/src/services/mtprotoService.ts:15:15)\n    at TelegramService.init (/home/runner/telegram-summary-bot/src/services/telegramService.ts:14:26)\n    at main (/home/runner/telegram-summary-bot/src/index.ts:15:21)\n    at processTicksAndRejections (node:internal/process/task_queues:95:5)","timestamp":"2024-10-15T08:27:48.923Z"}
{"level":"info","message":"Telegram bot initialized with inline keyboard functionality","timestamp":"2024-10-15T08:27:48.924Z"}
{"level":"info","message":"Server is running on port 8000","timestamp":"2024-10-15T08:27:48.926Z"}
{"level":"info","message":"Connected to database","timestamp":"2024-10-15T08:27:59.732Z"}
{"level":"info","message":"Application started successfully","timestamp":"2024-10-15T08:27:59.738Z"}
{"level":"error","message":"Error initializing MTProto client: TELEGRAM_API_ID and TELEGRAM_API_HASH must be set in the environment","stack":"Error: TELEGRAM_API_ID and TELEGRAM_API_HASH must be set in the environment\n    at MTProtoService.init (/home/runner/telegram-summary-bot/src/services/mtprotoService.ts:15:15)\n    at TelegramService.init (/home/runner/telegram-summary-bot/src/services/telegramService.ts:15:28)\n    at main (/home/runner/telegram-summary-bot/src/index.ts:15:21)\n    at processTicksAndRejections (node:internal/process/task_queues:95:5)","timestamp":"2024-10-15T08:27:59.747Z"}
{"level":"info","message":"Telegram bot initialized with inline keyboard functionality","timestamp":"2024-10-15T08:27:59.748Z"}
{"level":"error","message":"Error initializing Telegram services: TELEGRAM_API_ID and TELEGRAM_API_HASH must be set in the environment","stack":"Error: TELEGRAM_API_ID and TELEGRAM_API_HASH must be set in the environment\n    at MTProtoService.init (/home/runner/telegram-summary-bot/src/services/mtprotoService.ts:15:15)\n    at TelegramService.init (/home/runner/telegram-summary-bot/src/services/telegramService.ts:15:28)\n    at main (/home/runner/telegram-summary-bot/src/index.ts:15:21)\n    at processTicksAndRejections (node:internal/process/task_queues:95:5)","timestamp":"2024-10-15T08:27:59.748Z"}
{"level":"info","message":"Server is running on port 8000","timestamp":"2024-10-15T08:27:59.750Z"}
{"level":"info","message":"Connected to database","timestamp":"2024-10-15T08:28:05.393Z"}
{"level":"info","message":"Connected to database","timestamp":"2024-10-15T08:28:24.678Z"}
{"level":"info","message":"Connected to database","timestamp":"2024-10-15T08:28:36.010Z"}
{"level":"info","message":"Connected to database","timestamp":"2024-10-15T08:29:06.694Z"}
{"level":"info","message":"Connected to database","timestamp":"2024-10-15T08:30:53.716Z"}
{"level":"info","message":"Connected to database","timestamp":"2024-10-15T08:31:03.537Z"}
{"level":"info","message":"Connected to database","timestamp":"2024-10-15T08:31:14.726Z"}
{"level":"info","message":"Connected to database","timestamp":"2024-10-15T08:31:21.415Z"}
{"level":"info","message":"Connected to database","timestamp":"2024-10-15T09:28:50.345Z"}
{"level":"info","message":"Connected to database","timestamp":"2024-10-15T09:29:24.409Z"}
{"level":"info","message":"Connected to database","timestamp":"2024-10-15T09:29:31.392Z"}
{"level":"info","message":"Connected to database","timestamp":"2024-10-15T09:30:08.448Z"}
{"level":"info","message":"Connected to database","timestamp":"2024-10-15T09:30:15.241Z"}
{"level":"info","message":"Connected to database","timestamp":"2024-10-15T09:31:06.840Z"}
{"level":"info","message":"Connected to database","timestamp":"2024-10-15T09:31:52.949Z"}
{"level":"info","message":"Connected to database","timestamp":"2024-10-15T09:32:00.537Z"}
{"level":"info","message":"Connected to database","timestamp":"2024-10-15T09:32:25.673Z"}
{"level":"warn","message":"TELEGRAM_SESSION_STRING is not set. The MTProto client may need to be authenticated.","timestamp":"2024-10-15T09:54:12.938Z"}
{"level":"info","message":"Connected to database","timestamp":"2024-10-15T09:54:17.584Z"}
{"level":"info","message":"Application started successfully","timestamp":"2024-10-15T09:54:17.587Z"}
{"level":"info","message":"No valid session string found. Creating a new session.","timestamp":"2024-10-15T09:54:17.593Z"}
{"level":"info","message":"Server is running on port 8000","timestamp":"2024-10-15T09:54:17.599Z"}
{"level":"warn","message":"TELEGRAM_SESSION_STRING is not set. The MTProto client may need to be authenticated.","timestamp":"2024-10-15T09:54:57.080Z"}
{"level":"info","message":"Connected to database","timestamp":"2024-10-15T09:55:01.678Z"}
{"level":"info","message":"Application started successfully","timestamp":"2024-10-15T09:55:01.681Z"}
{"level":"info","message":"No valid session string found. Creating a new session.","timestamp":"2024-10-15T09:55:01.687Z"}
{"level":"info","message":"Server is running on port 8000","timestamp":"2024-10-15T09:55:01.692Z"}
{"level":"warn","message":"TELEGRAM_SESSION_STRING is not set. The MTProto client may need to be authenticated.","timestamp":"2024-10-15T09:55:10.681Z"}
{"level":"warn","message":"TELEGRAM_SESSION_STRING is not set. The MTProto client may need to be authenticated.","timestamp":"2024-10-15T09:55:13.612Z"}
{"level":"info","message":"Connected to database","timestamp":"2024-10-15T09:55:18.104Z"}
{"level":"info","message":"Application started successfully","timestamp":"2024-10-15T09:55:18.109Z"}
{"level":"info","message":"No valid session string found. Creating a new session.","timestamp":"2024-10-15T09:55:18.117Z"}
{"level":"info","message":"Server is running on port 8000","timestamp":"2024-10-15T09:55:18.123Z"}
{"level":"warn","message":"TELEGRAM_SESSION_STRING is not set. The MTProto client may need to be authenticated.","timestamp":"2024-10-15T09:56:02.103Z"}
{"level":"warn","message":"TELEGRAM_SESSION_STRING is not set. The MTProto client may need to be authenticated.","timestamp":"2024-10-15T09:56:05.059Z"}
{"level":"info","message":"Connected to database","timestamp":"2024-10-15T09:56:09.650Z"}
{"level":"info","message":"Application started successfully","timestamp":"2024-10-15T09:56:09.654Z"}
{"level":"info","message":"No valid session string found. Creating a new session.","timestamp":"2024-10-15T09:56:09.659Z"}
{"level":"info","message":"Server is running on port 8000","timestamp":"2024-10-15T09:56:09.664Z"}
{"level":"warn","message":"TELEGRAM_SESSION_STRING is not set. The MTProto client may need to be authenticated.","timestamp":"2024-10-15T09:57:05.945Z"}
{"level":"warn","message":"TELEGRAM_SESSION_STRING is not set. The MTProto client may need to be authenticated.","timestamp":"2024-10-15T09:57:08.753Z"}
{"level":"info","message":"Connected to database","timestamp":"2024-10-15T09:57:13.496Z"}
{"level":"info","message":"Application started successfully","timestamp":"2024-10-15T09:57:13.500Z"}
{"level":"info","message":"No valid session string found. Creating a new session.","timestamp":"2024-10-15T09:57:13.505Z"}
{"level":"info","message":"Server is running on port 8000","timestamp":"2024-10-15T09:57:13.510Z"}
{"level":"warn","message":"TELEGRAM_SESSION_STRING is not set. The MTProto client may need to be authenticated.","timestamp":"2024-10-15T09:58:51.572Z"}
{"level":"info","message":"Connected to database","timestamp":"2024-10-15T09:58:56.204Z"}
{"level":"info","message":"Application started successfully","timestamp":"2024-10-15T09:58:56.208Z"}
{"level":"info","message":"No valid session string found. Creating a new session.","timestamp":"2024-10-15T09:58:56.213Z"}
{"level":"info","message":"Server is running on port 8000","timestamp":"2024-10-15T09:58:56.218Z"}
{"level":"warn","message":"TELEGRAM_SESSION_STRING is not set. The MTProto client may need to be authenticated.","timestamp":"2024-10-15T09:59:09.467Z"}
{"level":"warn","message":"TELEGRAM_SESSION_STRING is not set. The MTProto client may need to be authenticated.","timestamp":"2024-10-15T09:59:12.210Z"}
{"level":"info","message":"Connected to database","timestamp":"2024-10-15T09:59:16.762Z"}
{"level":"info","message":"Application started successfully","timestamp":"2024-10-15T09:59:16.765Z"}
{"level":"info","message":"No valid session string found. Creating a new session.","timestamp":"2024-10-15T09:59:16.770Z"}
{"level":"info","message":"Server is running on port 8000","timestamp":"2024-10-15T09:59:16.776Z"}
{"level":"warn","message":"TELEGRAM_SESSION_STRING is not set. The MTProto client may need to be authenticated.","timestamp":"2024-10-15T09:59:44.067Z"}
{"level":"info","message":"Connected to database","timestamp":"2024-10-15T09:59:48.584Z"}
{"level":"info","message":"Application started successfully","timestamp":"2024-10-15T09:59:48.588Z"}
{"level":"info","message":"No valid session string found. Creating a new session.","timestamp":"2024-10-15T09:59:48.593Z"}
{"level":"info","message":"Server is running on port 8000","timestamp":"2024-10-15T09:59:48.598Z"}
{"level":"info","message":"Running scheduled summary generation","timestamp":"2024-10-15T10:00:00.596Z"}
{"level":"warn","message":"TELEGRAM_SESSION_STRING is not set. The MTProto client may need to be authenticated.","timestamp":"2024-10-15T10:00:01.488Z"}
{"level":"info","message":"Connected to database","timestamp":"2024-10-15T10:00:06.114Z"}
{"level":"info","message":"Application started successfully","timestamp":"2024-10-15T10:00:06.118Z"}
{"level":"info","message":"No valid session string found. Creating a new session.","timestamp":"2024-10-15T10:00:06.123Z"}
{"level":"info","message":"Server is running on port 8000","timestamp":"2024-10-15T10:00:06.128Z"}
{"level":"warn","message":"TELEGRAM_SESSION_STRING is not set. The MTProto client may need to be authenticated.","timestamp":"2024-10-15T10:00:08.442Z"}
{"level":"info","message":"Connected to database","timestamp":"2024-10-15T10:00:13.207Z"}
{"level":"info","message":"Application started successfully","timestamp":"2024-10-15T10:00:13.210Z"}
{"level":"info","message":"No valid session string found. Creating a new session.","timestamp":"2024-10-15T10:00:13.215Z"}
{"level":"info","message":"Server is running on port 8000","timestamp":"2024-10-15T10:00:13.220Z"}
{"level":"warn","message":"TELEGRAM_SESSION_STRING is not set. The MTProto client may need to be authenticated.","timestamp":"2024-10-15T10:01:16.011Z"}
{"level":"info","message":"Connected to database","timestamp":"2024-10-15T10:01:20.623Z"}
{"level":"info","message":"Application started successfully","timestamp":"2024-10-15T10:01:20.627Z"}
{"level":"info","message":"No valid session string found. Creating a new session.","timestamp":"2024-10-15T10:01:20.632Z"}
{"level":"info","message":"Server is running on port 8000","timestamp":"2024-10-15T10:01:20.637Z"}
{"level":"warn","message":"TELEGRAM_SESSION_STRING is not set. The MTProto client may need to be authenticated.","timestamp":"2024-10-15T10:01:34.119Z"}
{"level":"info","message":"Connected to database","timestamp":"2024-10-15T10:01:38.751Z"}
{"level":"info","message":"Application started successfully","timestamp":"2024-10-15T10:01:38.754Z"}
{"level":"info","message":"No valid session string found. Creating a new session.","timestamp":"2024-10-15T10:01:38.760Z"}
{"level":"info","message":"Server is running on port 8000","timestamp":"2024-10-15T10:01:38.764Z"}
{"level":"warn","message":"TELEGRAM_SESSION_STRING is not set. The MTProto client may need to be authenticated.","timestamp":"2024-10-15T10:01:40.917Z"}
{"level":"info","message":"Connected to database","timestamp":"2024-10-15T10:01:45.554Z"}
{"level":"info","message":"Application started successfully","timestamp":"2024-10-15T10:01:45.557Z"}
{"level":"info","message":"No valid session string found. Creating a new session.","timestamp":"2024-10-15T10:01:45.563Z"}
{"level":"info","message":"Server is running on port 8000","timestamp":"2024-10-15T10:01:45.568Z"}
{"level":"warn","message":"TELEGRAM_SESSION_STRING is not set. The MTProto client may need to be authenticated.","timestamp":"2024-10-15T10:03:16.081Z"}
{"level":"info","message":"Connected to database","timestamp":"2024-10-15T10:03:20.731Z"}
{"level":"info","message":"Application started successfully","timestamp":"2024-10-15T10:03:20.735Z"}
{"level":"info","message":"No valid session string found. Creating a new session.","timestamp":"2024-10-15T10:03:20.740Z"}
{"level":"info","message":"Server is running on port 8000","timestamp":"2024-10-15T10:03:20.745Z"}
{"level":"warn","message":"TELEGRAM_SESSION_STRING is not set. The MTProto client may need to be authenticated.","timestamp":"2024-10-15T10:03:25.959Z"}
{"level":"info","message":"Connected to database","timestamp":"2024-10-15T10:03:30.549Z"}
{"level":"info","message":"Application started successfully","timestamp":"2024-10-15T10:03:30.552Z"}
{"level":"info","message":"No valid session string found. Creating a new session.","timestamp":"2024-10-15T10:03:30.557Z"}
{"level":"info","message":"Server is running on port 8000","timestamp":"2024-10-15T10:03:30.563Z"}
{"level":"warn","message":"TELEGRAM_SESSION_STRING is not set. The MTProto client may need to be authenticated.","timestamp":"2024-10-15T10:54:18.785Z"}
{"level":"info","message":"Connected to database","timestamp":"2024-10-15T10:54:23.992Z"}
{"level":"info","message":"Application started successfully","timestamp":"2024-10-15T10:54:23.995Z"}
{"level":"info","message":"No valid session string found. Creating a new session.","timestamp":"2024-10-15T10:54:24.001Z"}
{"level":"info","message":"Server is running on port 8000","timestamp":"2024-10-15T10:54:24.013Z"}
{"level":"info","message":"Running scheduled summary generation","timestamp":"2024-10-15T11:00:00.312Z"}
{"level":"warn","message":"TELEGRAM_SESSION_STRING is not set. The MTProto client may need to be authenticated.","timestamp":"2024-10-15T11:56:10.036Z"}
{"level":"info","message":"Connected to database","timestamp":"2024-10-15T11:56:15.300Z"}
{"level":"info","message":"Application started successfully","timestamp":"2024-10-15T11:56:15.305Z"}
{"level":"info","message":"No valid session string found. Starting authentication process.","timestamp":"2024-10-15T11:56:15.310Z"}
{"level":"info","message":"Server is running on port 8000","timestamp":"2024-10-15T11:56:15.320Z"}
{"level":"warn","message":"TELEGRAM_SESSION_STRING is not set. The MTProto client may need to be authenticated.","timestamp":"2024-10-15T11:56:16.033Z"}
{"level":"info","message":"Connected to database","timestamp":"2024-10-15T11:56:20.633Z"}
{"level":"info","message":"Application started successfully","timestamp":"2024-10-15T11:56:20.636Z"}
{"level":"info","message":"No valid session string found. Starting authentication process.","timestamp":"2024-10-15T11:56:20.642Z"}
{"level":"warn","message":"TELEGRAM_SESSION_STRING is not set. The MTProto client may need to be authenticated.","timestamp":"2024-10-15T11:56:57.234Z"}
{"level":"warn","message":"TELEGRAM_SESSION_STRING is not set. The MTProto client may need to be authenticated.","timestamp":"2024-10-15T11:56:57.241Z"}
{"level":"warn","message":"TELEGRAM_SESSION_STRING is not set. The MTProto client may need to be authenticated.","timestamp":"2024-10-15T11:56:59.992Z"}
{"level":"info","message":"Connected to database","timestamp":"2024-10-15T11:57:01.750Z"}
{"level":"info","message":"Application started successfully","timestamp":"2024-10-15T11:57:01.755Z"}
{"level":"info","message":"No valid session string found. Starting authentication process.","timestamp":"2024-10-15T11:57:01.760Z"}
{"level":"info","message":"Server is running on port 8000","timestamp":"2024-10-15T11:57:01.769Z"}
{"level":"info","message":"Connected to database","timestamp":"2024-10-15T11:57:04.531Z"}
{"level":"info","message":"Application started successfully","timestamp":"2024-10-15T11:57:04.536Z"}
{"level":"info","message":"No valid session string found. Starting authentication process.","timestamp":"2024-10-15T11:57:04.541Z"}
{"level":"info","message":"Server is running on port 8000","timestamp":"2024-10-15T11:57:04.550Z"}
{"level":"warn","message":"TELEGRAM_SESSION_STRING is not set. The MTProto client may need to be authenticated.","timestamp":"2024-10-15T11:57:33.828Z"}
{"level":"warn","message":"TELEGRAM_SESSION_STRING is not set. The MTProto client may need to be authenticated.","timestamp":"2024-10-15T11:57:33.908Z"}
{"level":"info","message":"Connected to database","timestamp":"2024-10-15T11:57:38.296Z"}
{"level":"info","message":"Application started successfully","timestamp":"2024-10-15T11:57:38.302Z"}
{"level":"info","message":"No valid session string found. Starting authentication process.","timestamp":"2024-10-15T11:57:38.307Z"}
{"level":"info","message":"Server is running on port 3000","timestamp":"2024-10-15T11:57:38.318Z"}
{"level":"info","message":"Server is running on port 8000","timestamp":"2024-10-15T11:57:38.319Z"}
{"level":"info","message":"Connected to database","timestamp":"2024-10-15T11:57:38.451Z"}
{"level":"info","message":"Application started successfully","timestamp":"2024-10-15T11:57:38.456Z"}
{"level":"info","message":"No valid session string found. Starting authentication process.","timestamp":"2024-10-15T11:57:38.461Z"}
{"level":"warn","message":"TELEGRAM_SESSION_STRING is not set. The MTProto client may need to be authenticated.","timestamp":"2024-10-15T11:57:42.139Z"}
{"level":"warn","message":"TELEGRAM_SESSION_STRING is not set. The MTProto client may need to be authenticated.","timestamp":"2024-10-15T11:57:42.205Z"}
{"level":"info","message":"Connected to database","timestamp":"2024-10-15T11:57:46.704Z"}
{"level":"info","message":"Application started successfully","timestamp":"2024-10-15T11:57:46.709Z"}
{"level":"info","message":"No valid session string found. Starting authentication process.","timestamp":"2024-10-15T11:57:46.714Z"}
{"level":"info","message":"Server is running on port 3000","timestamp":"2024-10-15T11:57:46.725Z"}
{"level":"info","message":"Server is running on port 8000","timestamp":"2024-10-15T11:57:46.726Z"}
{"level":"info","message":"Connected to database","timestamp":"2024-10-15T11:57:46.753Z"}
{"level":"info","message":"Application started successfully","timestamp":"2024-10-15T11:57:46.758Z"}
{"level":"info","message":"No valid session string found. Starting authentication process.","timestamp":"2024-10-15T11:57:46.764Z"}
{"level":"warn","message":"TELEGRAM_SESSION_STRING is not set. The MTProto client may need to be authenticated.","timestamp":"2024-10-15T11:57:49.748Z"}
{"level":"info","message":"Connected to database","timestamp":"2024-10-15T11:57:54.298Z"}
{"level":"info","message":"Application started successfully","timestamp":"2024-10-15T11:57:54.302Z"}
{"level":"info","message":"No valid session string found. Starting authentication process.","timestamp":"2024-10-15T11:57:54.307Z"}
{"level":"info","message":"Server is running on port 3000","timestamp":"2024-10-15T11:57:54.317Z"}
{"level":"info","message":"Server is running on port 8000","timestamp":"2024-10-15T11:57:54.318Z"}
{"level":"warn","message":"TELEGRAM_SESSION_STRING is not set. The MTProto client may need to be authenticated.","timestamp":"2024-10-15T11:58:20.129Z"}
{"level":"warn","message":"TELEGRAM_SESSION_STRING is not set. The MTProto client may need to be authenticated.","timestamp":"2024-10-15T11:58:27.102Z"}
{"level":"info","message":"Connected to database","timestamp":"2024-10-15T11:58:31.751Z"}
{"level":"info","message":"Application started successfully","timestamp":"2024-10-15T11:58:31.755Z"}
{"level":"info","message":"No valid session string found. Starting authentication process.","timestamp":"2024-10-15T11:58:31.760Z"}
{"level":"info","message":"Server is running on port 8000","timestamp":"2024-10-15T11:58:31.770Z"}
{"level":"warn","message":"TELEGRAM_SESSION_STRING is not set. The MTProto client may need to be authenticated.","timestamp":"2024-10-15T11:58:53.282Z"}
{"level":"warn","message":"TELEGRAM_SESSION_STRING is not set. The MTProto client may need to be authenticated.","timestamp":"2024-10-15T11:58:53.285Z"}
{"level":"info","message":"Connected to database","timestamp":"2024-10-15T11:58:57.783Z"}
{"level":"info","message":"Connected to database","timestamp":"2024-10-15T11:58:57.805Z"}
{"level":"info","message":"Application started successfully","timestamp":"2024-10-15T11:58:57.788Z"}
{"level":"info","message":"No valid session string found. Starting authentication process.","timestamp":"2024-10-15T11:58:57.793Z"}
{"level":"info","message":"Server is running on port 8000","timestamp":"2024-10-15T11:58:57.804Z"}
{"level":"info","message":"Application started successfully","timestamp":"2024-10-15T11:58:57.809Z"}
{"level":"info","message":"No valid session string found. Starting authentication process.","timestamp":"2024-10-15T11:58:57.815Z"}
{"level":"warn","message":"TELEGRAM_SESSION_STRING is not set. The MTProto client may need to be authenticated.","timestamp":"2024-10-15T11:59:33.725Z"}
{"level":"warn","message":"TELEGRAM_SESSION_STRING is not set. The MTProto client may need to be authenticated.","timestamp":"2024-10-15T11:59:33.725Z"}
{"level":"info","message":"Connected to database","timestamp":"2024-10-15T11:59:38.352Z"}
{"level":"info","message":"Application started successfully","timestamp":"2024-10-15T11:59:38.358Z"}
{"level":"info","message":"No valid session string found. Starting authentication process.","timestamp":"2024-10-15T11:59:38.364Z"}
{"level":"info","message":"Server is running on port 8000","timestamp":"2024-10-15T11:59:38.371Z"}
{"level":"warn","message":"TELEGRAM_SESSION_STRING is not set. The MTProto client may need to be authenticated.","timestamp":"2024-10-15T11:59:40.695Z"}
{"level":"info","message":"Connected to database","timestamp":"2024-10-15T11:59:45.235Z"}
{"level":"info","message":"Application started successfully","timestamp":"2024-10-15T11:59:45.239Z"}
{"level":"info","message":"No valid session string found. Starting authentication process.","timestamp":"2024-10-15T11:59:45.244Z"}
{"level":"info","message":"Running scheduled summary generation","timestamp":"2024-10-15T12:00:00.377Z"}
{"level":"warn","message":"TELEGRAM_SESSION_STRING is not set. The MTProto client may need to be authenticated.","timestamp":"2024-10-15T12:00:46.097Z"}
{"level":"warn","message":"TELEGRAM_SESSION_STRING is not set. The MTProto client may need to be authenticated.","timestamp":"2024-10-15T12:00:46.103Z"}
{"level":"info","message":"Connected to database","timestamp":"2024-10-15T12:00:50.648Z"}
{"level":"info","message":"Application started successfully","timestamp":"2024-10-15T12:00:50.653Z"}
{"level":"info","message":"No valid session string found. Starting authentication process.","timestamp":"2024-10-15T12:00:50.658Z"}
{"level":"info","message":"Server is running on port 8000","timestamp":"2024-10-15T12:00:50.663Z"}
{"level":"info","message":"Connected to database","timestamp":"2024-10-15T12:00:50.684Z"}
{"level":"info","message":"Application started successfully","timestamp":"2024-10-15T12:00:50.688Z"}
{"level":"info","message":"No valid session string found. Starting authentication process.","timestamp":"2024-10-15T12:00:50.693Z"}
{"level":"warn","message":"TELEGRAM_SESSION_STRING is not set. The MTProto client may need to be authenticated.","timestamp":"2024-10-15T12:01:14.760Z"}
{"level":"warn","message":"TELEGRAM_SESSION_STRING is not set. The MTProto client may need to be authenticated.","timestamp":"2024-10-15T12:01:21.481Z"}
{"level":"info","message":"Connected to database","timestamp":"2024-10-15T12:01:26.029Z"}
{"level":"info","message":"Application started successfully","timestamp":"2024-10-15T12:01:26.034Z"}
{"level":"info","message":"No valid session string found. Starting authentication process.","timestamp":"2024-10-15T12:01:26.039Z"}
{"level":"warn","message":"TELEGRAM_SESSION_STRING is not set. The MTProto client may need to be authenticated.","timestamp":"2024-10-15T12:02:55.074Z"}
{"level":"warn","message":"TELEGRAM_SESSION_STRING is not set. The MTProto client may need to be authenticated.","timestamp":"2024-10-15T12:02:55.077Z"}
{"level":"info","message":"Connected to database","timestamp":"2024-10-15T12:02:59.647Z"}
{"level":"info","message":"Connected to database","timestamp":"2024-10-15T12:02:59.699Z"}
{"level":"warn","message":"TELEGRAM_SESSION_STRING is not set. The MTProto client may need to be authenticated.","timestamp":"2024-10-15T12:03:18.627Z"}
{"level":"info","message":"Connected to database","timestamp":"2024-10-15T12:03:23.258Z"}
{"level":"info","message":"Application started successfully","timestamp":"2024-10-15T12:03:23.262Z"}
{"level":"info","message":"No valid session string found. Starting authentication process.","timestamp":"2024-10-15T12:03:23.268Z"}
{"level":"info","message":"Server is running on port 8000","timestamp":"2024-10-15T12:03:23.274Z"}
{"level":"warn","message":"TELEGRAM_SESSION_STRING is not set. The MTProto client may need to be authenticated.","timestamp":"2024-10-15T12:03:26.313Z"}
{"level":"info","message":"Connected to database","timestamp":"2024-10-15T12:03:30.902Z"}
{"level":"info","message":"Application started successfully","timestamp":"2024-10-15T12:03:30.907Z"}
{"level":"info","message":"No valid session string found. Starting authentication process.","timestamp":"2024-10-15T12:03:30.912Z"}
{"level":"info","message":"Server is running on port 8000","timestamp":"2024-10-15T12:03:30.918Z"}
{"level":"warn","message":"TELEGRAM_SESSION_STRING is not set. The MTProto client may need to be authenticated.","timestamp":"2024-10-15T12:04:46.207Z"}
{"level":"warn","message":"TELEGRAM_SESSION_STRING is not set. The MTProto client may need to be authenticated.","timestamp":"2024-10-15T12:04:49.784Z"}
{"level":"info","message":"Connected to database","timestamp":"2024-10-15T12:04:54.316Z"}
{"level":"info","message":"Application started successfully","timestamp":"2024-10-15T12:04:54.320Z"}
{"level":"info","message":"No valid session string found. Starting authentication process.","timestamp":"2024-10-15T12:04:54.325Z"}
{"level":"info","message":"Server is running on port 8000","timestamp":"2024-10-15T12:04:54.330Z"}
{"level":"warn","message":"TELEGRAM_SESSION_STRING is not set. The MTProto client may need to be authenticated.","timestamp":"2024-10-15T12:23:48.374Z"}
{"level":"info","message":"Connected to database","timestamp":"2024-10-15T12:23:53.354Z"}
{"level":"info","message":"Application started successfully","timestamp":"2024-10-15T12:23:53.359Z"}
{"level":"info","message":"No valid session string found. Starting authentication process.","timestamp":"2024-10-15T12:23:53.364Z"}
{"level":"info","message":"Server is running on port 8000","timestamp":"2024-10-15T12:23:53.369Z"}
{"level":"warn","message":"TELEGRAM_SESSION_STRING is not set. The MTProto client may need to be authenticated.","timestamp":"2024-10-15T12:27:57.919Z"}
{"level":"info","message":"Connected to database","timestamp":"2024-10-15T12:28:02.652Z"}
{"level":"info","message":"Application started successfully","timestamp":"2024-10-15T12:28:02.657Z"}
{"level":"info","message":"No valid session string found. Starting authentication process.","timestamp":"2024-10-15T12:28:02.661Z"}
{"level":"info","message":"Server is running on port 8000","timestamp":"2024-10-15T12:28:02.666Z"}
